<?xml version="1.0" encoding="UTF-8"?>
<!-- Generated by org.testng.reporters.JUnitXMLReporter -->
<testsuite ignored="0" hostname="LAPTOP-P59I705N" failures="0" tests="4" name="Edge" time="53.775" errors="0" timestamp="2022-05-25T13:36:47 BST">
  <testcase classname="testClasses.VerifyURLusingTestNg" name="verifyURLafterlogin" time="10.736"/>
  <testcase classname="testClasses.VerifyTextusingTestNg" name="verifyURLafterlogin" time="10.896"/>
  <testcase classname="testClasses.VerifyURLusingTestNg" name="verifyURLoftodaysdeals" time="25.268"/>
  <testcase classname="testClasses.VerifyTextusingTestNg" name="verifyURLoftodaysdeals" time="24.999"/>
</testsuite> <!-- Edge -->
