<?xml version="1.0" encoding="UTF-8"?>
<testng-results ignored="0" total="2" passed="2" failed="0" skipped="0">
  <reporter-output>
  </reporter-output>
  <suite started-at="2022-05-29T17:05:04 BST" name="Suite" finished-at="2022-05-29T17:05:40 BST" duration-ms="35754">
    <groups>
    </groups>
    <test started-at="2022-05-29T17:05:04 BST" name="Chrome" finished-at="2022-05-29T17:05:40 BST" duration-ms="35754">
      <class name="testClasses.VerifyURLusingTestNg">
        <test-method is-config="true" signature="launchBrowser(java.lang.String)[pri:0, instance:testClasses.VerifyURLusingTestNg@21de60b4]" started-at="2022-05-29T17:05:04 BST" name="launchBrowser" finished-at="2022-05-29T17:05:06 BST" duration-ms="2421" status="PASS">
          <params>
            <param index="0">
              <value>
                <![CDATA[Chrome]]>
              </value>
            </param>
          </params>
          <reporter-output>
          </reporter-output>
        </test-method> <!-- launchBrowser -->
        <test-method is-config="true" signature="createPOMobj()[pri:0, instance:testClasses.VerifyURLusingTestNg@21de60b4]" started-at="2022-05-29T17:05:06 BST" name="createPOMobj" finished-at="2022-05-29T17:05:06 BST" duration-ms="55" status="PASS">
          <reporter-output>
          </reporter-output>
        </test-method> <!-- createPOMobj -->
        <test-method is-config="true" signature="logingin()[pri:0, instance:testClasses.VerifyURLusingTestNg@21de60b4]" started-at="2022-05-29T17:05:06 BST" name="logingin" finished-at="2022-05-29T17:05:11 BST" duration-ms="4199" status="PASS">
          <reporter-output>
          </reporter-output>
        </test-method> <!-- logingin -->
        <test-method signature="verifyURLafterlogin()[pri:0, instance:testClasses.VerifyURLusingTestNg@21de60b4]" started-at="2022-05-29T17:05:11 BST" name="verifyURLafterlogin" finished-at="2022-05-29T17:05:22 BST" duration-ms="11436" status="PASS">
          <reporter-output>
          </reporter-output>
        </test-method> <!-- verifyURLafterlogin -->
        <test-method is-config="true" signature="loggingout(org.testng.ITestResult)[pri:0, instance:testClasses.VerifyURLusingTestNg@21de60b4]" started-at="2022-05-29T17:05:22 BST" name="loggingout" finished-at="2022-05-29T17:05:24 BST" duration-ms="2127" status="PASS">
          <params>
            <param index="0">
              <value>
                <![CDATA[[TestResult name=verifyURLafterlogin status=SUCCESS method=VerifyURLusingTestNg.verifyURLafterlogin()[pri:0, instance:testClasses.VerifyURLusingTestNg@21de60b4] output={null}]]]>
              </value>
            </param>
          </params>
          <reporter-output>
          </reporter-output>
        </test-method> <!-- loggingout -->
        <test-method is-config="true" signature="logingin()[pri:0, instance:testClasses.VerifyURLusingTestNg@21de60b4]" started-at="2022-05-29T17:05:24 BST" name="logingin" finished-at="2022-05-29T17:05:28 BST" duration-ms="3471" status="PASS">
          <reporter-output>
          </reporter-output>
        </test-method> <!-- logingin -->
        <test-method signature="verifyURLafterlogin()[pri:0, instance:testClasses.VerifyURLusingTestNg@21de60b4]" started-at="2022-05-29T17:05:28 BST" name="verifyURLafterlogin" finished-at="2022-05-29T17:05:37 BST" duration-ms="9677" status="PASS">
          <reporter-output>
          </reporter-output>
        </test-method> <!-- verifyURLafterlogin -->
        <test-method is-config="true" signature="loggingout(org.testng.ITestResult)[pri:0, instance:testClasses.VerifyURLusingTestNg@21de60b4]" started-at="2022-05-29T17:05:37 BST" name="loggingout" finished-at="2022-05-29T17:05:39 BST" duration-ms="2049" status="PASS">
          <params>
            <param index="0">
              <value>
                <![CDATA[[TestResult name=verifyURLafterlogin status=SUCCESS method=VerifyURLusingTestNg.verifyURLafterlogin()[pri:0, instance:testClasses.VerifyURLusingTestNg@21de60b4] output={null}]]]>
              </value>
            </param>
          </params>
          <reporter-output>
          </reporter-output>
        </test-method> <!-- loggingout -->
        <test-method is-config="true" signature="clearobj()[pri:0, instance:testClasses.VerifyURLusingTestNg@21de60b4]" started-at="2022-05-29T17:05:39 BST" name="clearobj" finished-at="2022-05-29T17:05:39 BST" duration-ms="1" status="PASS">
          <reporter-output>
          </reporter-output>
        </test-method> <!-- clearobj -->
        <test-method is-config="true" signature="closeBrowser()[pri:0, instance:testClasses.VerifyURLusingTestNg@21de60b4]" started-at="2022-05-29T17:05:39 BST" name="closeBrowser" finished-at="2022-05-29T17:05:40 BST" duration-ms="246" status="PASS">
          <reporter-output>
          </reporter-output>
        </test-method> <!-- closeBrowser -->
      </class> <!-- testClasses.VerifyURLusingTestNg -->
    </test> <!-- Chrome -->
  </suite> <!-- Suite -->
</testng-results>
